Command line invocation:
    /Applications/Xcode.app/Contents/Developer/usr/bin/xcodebuild -project jinju.xcodeproj -scheme jinju -sdk iphonesimulator build

Build settings from command line:
    SDKROOT = iphonesimulator26.2

ComputePackagePrebuildTargetDependencyGraph

Prepare packages

CreateBuildRequest

SendProjectDescription

CreateBuildOperation

ComputeTargetDependencyGraph
note: Building targets in dependency order
note: Target dependency graph (1 target)
    Target 'jinju' in project 'jinju' (no dependencies)

GatherProvisioningInputs

CreateBuildDescription

ExecuteExternalTool /Applications/Xcode.app/Contents/Developer/Toolchains/XcodeDefault.xctoolchain/usr/bin/clang -v -E -dM -isysroot /Applications/Xcode.app/Contents/Developer/Platforms/iPhoneSimulator.platform/Developer/SDKs/iPhoneSimulator26.2.sdk -x c -c /dev/null

ExecuteExternalTool /Applications/Xcode.app/Contents/Developer/usr/bin/actool --print-asset-tag-combinations --output-format xml1 /Users/lizhicong/Desktop/白包/jinju/jinju/Assets.xcassets

ExecuteExternalTool /Applications/Xcode.app/Contents/Developer/usr/bin/actool --version --output-format xml1

ExecuteExternalTool /Applications/Xcode.app/Contents/Developer/Toolchains/XcodeDefault.xctoolchain/usr/bin/swiftc --version

ExecuteExternalTool /Applications/Xcode.app/Contents/Developer/Toolchains/XcodeDefault.xctoolchain/usr/bin/ld -version_details

Build description signature: dd7c22e4540621e1a459a514b873690b
Build description path: /Users/lizhicong/Library/Developer/Xcode/DerivedData/jinju-fxudpjeyjydggscioqldofsfffsk/Build/Intermediates.noindex/XCBuildData/dd7c22e4540621e1a459a514b873690b.xcbuilddata
ClangStatCache /Applications/Xcode.app/Contents/Developer/Toolchains/XcodeDefault.xctoolchain/usr/bin/clang-stat-cache /Applications/Xcode.app/Contents/Developer/Platforms/iPhoneSimulator.platform/Developer/SDKs/iPhoneSimulator26.2.sdk /Users/lizhicong/Library/Developer/Xcode/DerivedData/SDKStatCaches.noindex/iphonesimulator26.2-23C57-7d00a8b37fbd7999ea79df8ebc024bf0.sdkstatcache
    cd /Users/lizhicong/Desktop/白包/jinju/jinju.xcodeproj
    /Applications/Xcode.app/Contents/Developer/Toolchains/XcodeDefault.xctoolchain/usr/bin/clang-stat-cache /Applications/Xcode.app/Contents/Developer/Platforms/iPhoneSimulator.platform/Developer/SDKs/iPhoneSimulator26.2.sdk -o /Users/lizhicong/Library/Developer/Xcode/DerivedData/SDKStatCaches.noindex/iphonesimulator26.2-23C57-7d00a8b37fbd7999ea79df8ebc024bf0.sdkstatcache

ProcessInfoPlistFile /Users/lizhicong/Library/Developer/Xcode/DerivedData/jinju-fxudpjeyjydggscioqldofsfffsk/Build/Products/Debug-iphonesimulator/jinju.app/Info.plist /Users/lizhicong/Library/Developer/Xcode/DerivedData/jinju-fxudpjeyjydggscioqldofsfffsk/Build/Intermediates.noindex/jinju.build/Debug-iphonesimulator/jinju.build/empty-jinju.plist (in target 'jinju' from project 'jinju')
    cd /Users/lizhicong/Desktop/白包/jinju
    builtin-infoPlistUtility /Users/lizhicong/Library/Developer/Xcode/DerivedData/jinju-fxudpjeyjydggscioqldofsfffsk/Build/Intermediates.noindex/jinju.build/Debug-iphonesimulator/jinju.build/empty-jinju.plist -producttype com.apple.product-type.application -genpkginfo /Users/lizhicong/Library/Developer/Xcode/DerivedData/jinju-fxudpjeyjydggscioqldofsfffsk/Build/Products/Debug-iphonesimulator/jinju.app/PkgInfo -expandbuildsettings -format binary -platform iphonesimulator -additionalcontentfile /Users/lizhicong/Library/Developer/Xcode/DerivedData/jinju-fxudpjeyjydggscioqldofsfffsk/Build/Intermediates.noindex/jinju.build/Debug-iphonesimulator/jinju.build/assetcatalog_generated_info.plist -o /Users/lizhicong/Library/Developer/Xcode/DerivedData/jinju-fxudpjeyjydggscioqldofsfffsk/Build/Products/Debug-iphonesimulator/jinju.app/Info.plist

SwiftDriver jinju normal x86_64 com.apple.xcode.tools.swift.compiler (in target 'jinju' from project 'jinju')
    cd /Users/lizhicong/Desktop/白包/jinju
    builtin-SwiftDriver -- /Applications/Xcode.app/Contents/Developer/Toolchains/XcodeDefault.xctoolchain/usr/bin/swiftc -module-name jinju -Onone -enforce-exclusivity\=checked @/Users/lizhicong/Library/Developer/Xcode/DerivedData/jinju-fxudpjeyjydggscioqldofsfffsk/Build/Intermediates.noindex/jinju.build/Debug-iphonesimulator/jinju.build/Objects-normal/x86_64/jinju.SwiftFileList -DDEBUG -default-isolation\=MainActor -enable-bare-slash-regex -enable-upcoming-feature DisableOutwardActorInference -enable-upcoming-feature InferSendableFromCaptures -enable-upcoming-feature GlobalActorIsolatedTypesUsability -enable-upcoming-feature MemberImportVisibility -enable-upcoming-feature InferIsolatedConformances -enable-upcoming-feature NonisolatedNonsendingByDefault -enable-experimental-feature DebugDescriptionMacro -sdk /Applications/Xcode.app/Contents/Developer/Platforms/iPhoneSimulator.platform/Developer/SDKs/iPhoneSimulator26.2.sdk -target x86_64-apple-ios15.6-simulator -g -module-cache-path /Users/lizhicong/Library/Developer/Xcode/DerivedData/ModuleCache.noindex -Xfrontend -serialize-debugging-options -enable-testing -index-store-path /Users/lizhicong/Library/Developer/Xcode/DerivedData/jinju-fxudpjeyjydggscioqldofsfffsk/Index.noindex/DataStore -Xcc -D_LIBCPP_HARDENING_MODE\=_LIBCPP_HARDENING_MODE_DEBUG -swift-version 5 -I /Users/lizhicong/Library/Developer/Xcode/DerivedData/jinju-fxudpjeyjydggscioqldofsfffsk/Build/Products/Debug-iphonesimulator -F /Users/lizhicong/Library/Developer/Xcode/DerivedData/jinju-fxudpjeyjydggscioqldofsfffsk/Build/Products/Debug-iphonesimulator -emit-localized-strings -emit-localized-strings-path /Users/lizhicong/Library/Developer/Xcode/DerivedData/jinju-fxudpjeyjydggscioqldofsfffsk/Build/Intermediates.noindex/jinju.build/Debug-iphonesimulator/jinju.build/Objects-normal/x86_64 -c -j10 -enable-batch-mode -incremental -Xcc -ivfsstatcache -Xcc /Users/lizhicong/Library/Developer/Xcode/DerivedData/SDKStatCaches.noindex/iphonesimulator26.2-23C57-7d00a8b37fbd7999ea79df8ebc024bf0.sdkstatcache -output-file-map /Users/lizhicong/Library/Developer/Xcode/DerivedData/jinju-fxudpjeyjydggscioqldofsfffsk/Build/Intermediates.noindex/jinju.build/Debug-iphonesimulator/jinju.build/Objects-normal/x86_64/jinju-OutputFileMap.json -use-frontend-parseable-output -save-temps -no-color-diagnostics -explicit-module-build -module-cache-path /Users/lizhicong/Library/Developer/Xcode/DerivedData/jinju-fxudpjeyjydggscioqldofsfffsk/Build/Intermediates.noindex/SwiftExplicitPrecompiledModules -clang-scanner-module-cache-path /Users/lizhicong/Library/Developer/Xcode/DerivedData/ModuleCache.noindex -sdk-module-cache-path /Users/lizhicong/Library/Developer/Xcode/DerivedData/ModuleCache.noindex -serialize-diagnostics -emit-dependencies -emit-module -emit-module-path /Users/lizhicong/Library/Developer/Xcode/DerivedData/jinju-fxudpjeyjydggscioqldofsfffsk/Build/Intermediates.noindex/jinju.build/Debug-iphonesimulator/jinju.build/Objects-normal/x86_64/jinju.swiftmodule -validate-clang-modules-once -clang-build-session-file /Users/lizhicong/Library/Developer/Xcode/DerivedData/ModuleCache.noindex/Session.modulevalidation -Xcc -I/Users/lizhicong/Library/Developer/Xcode/DerivedData/jinju-fxudpjeyjydggscioqldofsfffsk/Build/Intermediates.noindex/jinju.build/Debug-iphonesimulator/jinju.build/swift-overrides.hmap -emit-const-values -Xfrontend -const-gather-protocols-file -Xfrontend /Users/lizhicong/Library/Developer/Xcode/DerivedData/jinju-fxudpjeyjydggscioqldofsfffsk/Build/Intermediates.noindex/jinju.build/Debug-iphonesimulator/jinju.build/Objects-normal/x86_64/jinju_const_extract_protocols.json -Xcc -iquote -Xcc /Users/lizhicong/Library/Developer/Xcode/DerivedData/jinju-fxudpjeyjydggscioqldofsfffsk/Build/Intermediates.noindex/jinju.build/Debug-iphonesimulator/jinju.build/jinju-generated-files.hmap -Xcc -I/Users/lizhicong/Library/Developer/Xcode/DerivedData/jinju-fxudpjeyjydggscioqldofsfffsk/Build/Intermediates.noindex/jinju.build/Debug-iphonesimulator/jinju.build/jinju-own-target-headers.hmap -Xcc -I/Users/lizhicong/Library/Developer/Xcode/DerivedData/jinju-fxudpjeyjydggscioqldofsfffsk/Build/Intermediates.noindex/jinju.build/Debug-iphonesimulator/jinju.build/jinju-all-target-headers.hmap -Xcc -iquote -Xcc /Users/lizhicong/Library/Developer/Xcode/DerivedData/jinju-fxudpjeyjydggscioqldofsfffsk/Build/Intermediates.noindex/jinju.build/Debug-iphonesimulator/jinju.build/jinju-project-headers.hmap -Xcc -I/Users/lizhicong/Library/Developer/Xcode/DerivedData/jinju-fxudpjeyjydggscioqldofsfffsk/Build/Products/Debug-iphonesimulator/include -Xcc -I/Users/lizhicong/Library/Developer/Xcode/DerivedData/jinju-fxudpjeyjydggscioqldofsfffsk/Build/Intermediates.noindex/jinju.build/Debug-iphonesimulator/jinju.build/DerivedSources-normal/x86_64 -Xcc -I/Users/lizhicong/Library/Developer/Xcode/DerivedData/jinju-fxudpjeyjydggscioqldofsfffsk/Build/Intermediates.noindex/jinju.build/Debug-iphonesimulator/jinju.build/DerivedSources/x86_64 -Xcc -I/Users/lizhicong/Library/Developer/Xcode/DerivedData/jinju-fxudpjeyjydggscioqldofsfffsk/Build/Intermediates.noindex/jinju.build/Debug-iphonesimulator/jinju.build/DerivedSources -Xcc -DDEBUG\=1 -emit-objc-header -emit-objc-header-path /Users/lizhicong/Library/Developer/Xcode/DerivedData/jinju-fxudpjeyjydggscioqldofsfffsk/Build/Intermediates.noindex/jinju.build/Debug-iphonesimulator/jinju.build/Objects-normal/x86_64/jinju-Swift.h -working-directory /Users/lizhicong/Desktop/白包/jinju -experimental-emit-module-separately -disable-cmo

SwiftDriver jinju normal arm64 com.apple.xcode.tools.swift.compiler (in target 'jinju' from project 'jinju')
    cd /Users/lizhicong/Desktop/白包/jinju
    builtin-SwiftDriver -- /Applications/Xcode.app/Contents/Developer/Toolchains/XcodeDefault.xctoolchain/usr/bin/swiftc -module-name jinju -Onone -enforce-exclusivity\=checked @/Users/lizhicong/Library/Developer/Xcode/DerivedData/jinju-fxudpjeyjydggscioqldofsfffsk/Build/Intermediates.noindex/jinju.build/Debug-iphonesimulator/jinju.build/Objects-normal/arm64/jinju.SwiftFileList -DDEBUG -default-isolation\=MainActor -enable-bare-slash-regex -enable-upcoming-feature DisableOutwardActorInference -enable-upcoming-feature InferSendableFromCaptures -enable-upcoming-feature GlobalActorIsolatedTypesUsability -enable-upcoming-feature MemberImportVisibility -enable-upcoming-feature InferIsolatedConformances -enable-upcoming-feature NonisolatedNonsendingByDefault -enable-experimental-feature DebugDescriptionMacro -sdk /Applications/Xcode.app/Contents/Developer/Platforms/iPhoneSimulator.platform/Developer/SDKs/iPhoneSimulator26.2.sdk -target arm64-apple-ios15.6-simulator -g -module-cache-path /Users/lizhicong/Library/Developer/Xcode/DerivedData/ModuleCache.noindex -Xfrontend -serialize-debugging-options -enable-testing -index-store-path /Users/lizhicong/Library/Developer/Xcode/DerivedData/jinju-fxudpjeyjydggscioqldofsfffsk/Index.noindex/DataStore -Xcc -D_LIBCPP_HARDENING_MODE\=_LIBCPP_HARDENING_MODE_DEBUG -swift-version 5 -I /Users/lizhicong/Library/Developer/Xcode/DerivedData/jinju-fxudpjeyjydggscioqldofsfffsk/Build/Products/Debug-iphonesimulator -F /Users/lizhicong/Library/Developer/Xcode/DerivedData/jinju-fxudpjeyjydggscioqldofsfffsk/Build/Products/Debug-iphonesimulator -emit-localized-strings -emit-localized-strings-path /Users/lizhicong/Library/Developer/Xcode/DerivedData/jinju-fxudpjeyjydggscioqldofsfffsk/Build/Intermediates.noindex/jinju.build/Debug-iphonesimulator/jinju.build/Objects-normal/arm64 -c -j10 -enable-batch-mode -incremental -Xcc -ivfsstatcache -Xcc /Users/lizhicong/Library/Developer/Xcode/DerivedData/SDKStatCaches.noindex/iphonesimulator26.2-23C57-7d00a8b37fbd7999ea79df8ebc024bf0.sdkstatcache -output-file-map /Users/lizhicong/Library/Developer/Xcode/DerivedData/jinju-fxudpjeyjydggscioqldofsfffsk/Build/Intermediates.noindex/jinju.build/Debug-iphonesimulator/jinju.build/Objects-normal/arm64/jinju-OutputFileMap.json -use-frontend-parseable-output -save-temps -no-color-diagnostics -explicit-module-build -module-cache-path /Users/lizhicong/Library/Developer/Xcode/DerivedData/jinju-fxudpjeyjydggscioqldofsfffsk/Build/Intermediates.noindex/SwiftExplicitPrecompiledModules -clang-scanner-module-cache-path /Users/lizhicong/Library/Developer/Xcode/DerivedData/ModuleCache.noindex -sdk-module-cache-path /Users/lizhicong/Library/Developer/Xcode/DerivedData/ModuleCache.noindex -serialize-diagnostics -emit-dependencies -emit-module -emit-module-path /Users/lizhicong/Library/Developer/Xcode/DerivedData/jinju-fxudpjeyjydggscioqldofsfffsk/Build/Intermediates.noindex/jinju.build/Debug-iphonesimulator/jinju.build/Objects-normal/arm64/jinju.swiftmodule -validate-clang-modules-once -clang-build-session-file /Users/lizhicong/Library/Developer/Xcode/DerivedData/ModuleCache.noindex/Session.modulevalidation -Xcc -I/Users/lizhicong/Library/Developer/Xcode/DerivedData/jinju-fxudpjeyjydggscioqldofsfffsk/Build/Intermediates.noindex/jinju.build/Debug-iphonesimulator/jinju.build/swift-overrides.hmap -emit-const-values -Xfrontend -const-gather-protocols-file -Xfrontend /Users/lizhicong/Library/Developer/Xcode/DerivedData/jinju-fxudpjeyjydggscioqldofsfffsk/Build/Intermediates.noindex/jinju.build/Debug-iphonesimulator/jinju.build/Objects-normal/arm64/jinju_const_extract_protocols.json -Xcc -iquote -Xcc /Users/lizhicong/Library/Developer/Xcode/DerivedData/jinju-fxudpjeyjydggscioqldofsfffsk/Build/Intermediates.noindex/jinju.build/Debug-iphonesimulator/jinju.build/jinju-generated-files.hmap -Xcc -I/Users/lizhicong/Library/Developer/Xcode/DerivedData/jinju-fxudpjeyjydggscioqldofsfffsk/Build/Intermediates.noindex/jinju.build/Debug-iphonesimulator/jinju.build/jinju-own-target-headers.hmap -Xcc -I/Users/lizhicong/Library/Developer/Xcode/DerivedData/jinju-fxudpjeyjydggscioqldofsfffsk/Build/Intermediates.noindex/jinju.build/Debug-iphonesimulator/jinju.build/jinju-all-target-headers.hmap -Xcc -iquote -Xcc /Users/lizhicong/Library/Developer/Xcode/DerivedData/jinju-fxudpjeyjydggscioqldofsfffsk/Build/Intermediates.noindex/jinju.build/Debug-iphonesimulator/jinju.build/jinju-project-headers.hmap -Xcc -I/Users/lizhicong/Library/Developer/Xcode/DerivedData/jinju-fxudpjeyjydggscioqldofsfffsk/Build/Products/Debug-iphonesimulator/include -Xcc -I/Users/lizhicong/Library/Developer/Xcode/DerivedData/jinju-fxudpjeyjydggscioqldofsfffsk/Build/Intermediates.noindex/jinju.build/Debug-iphonesimulator/jinju.build/DerivedSources-normal/arm64 -Xcc -I/Users/lizhicong/Library/Developer/Xcode/DerivedData/jinju-fxudpjeyjydggscioqldofsfffsk/Build/Intermediates.noindex/jinju.build/Debug-iphonesimulator/jinju.build/DerivedSources/arm64 -Xcc -I/Users/lizhicong/Library/Developer/Xcode/DerivedData/jinju-fxudpjeyjydggscioqldofsfffsk/Build/Intermediates.noindex/jinju.build/Debug-iphonesimulator/jinju.build/DerivedSources -Xcc -DDEBUG\=1 -emit-objc-header -emit-objc-header-path /Users/lizhicong/Library/Developer/Xcode/DerivedData/jinju-fxudpjeyjydggscioqldofsfffsk/Build/Intermediates.noindex/jinju.build/Debug-iphonesimulator/jinju.build/Objects-normal/arm64/jinju-Swift.h -working-directory /Users/lizhicong/Desktop/白包/jinju -experimental-emit-module-separately -disable-cmo

SwiftExplicitDependencyGeneratePcm x86_64 /Users/lizhicong/Library/Developer/Xcode/DerivedData/ModuleCache.noindex/_Builtin_stdbool-97BOHXKESYD900JWLO60DBL5S.pcm

SwiftExplicitDependencyGeneratePcm x86_64 /Users/lizhicong/Library/Developer/Xcode/DerivedData/ModuleCache.noindex/_Builtin_stdarg-7RD1O3KI9EAKH2XEXQWFMQ9MI.pcm

SwiftExplicitDependencyGeneratePcm x86_64 /Users/lizhicong/Library/Developer/Xcode/DerivedData/ModuleCache.noindex/ptrauth-AIVN6VIGESV1NT9LRFBLSECAR.pcm

SwiftExplicitDependencyGeneratePcm x86_64 /Users/lizhicong/Library/Developer/Xcode/DerivedData/ModuleCache.noindex/_Builtin_float-19UYAJW6Z0BU10OQILVFMHD7K.pcm

SwiftExplicitDependencyGeneratePcm x86_64 /Users/lizhicong/Library/Developer/Xcode/DerivedData/ModuleCache.noindex/ptrcheck-ABWNGLD5O75DZQ1GVEIJ1YF97.pcm

SwiftExplicitDependencyGeneratePcm x86_64 /Users/lizhicong/Library/Developer/Xcode/DerivedData/ModuleCache.noindex/SwiftShims-8N1BCOD28VIIOJPIT22ZB03FL.pcm

SwiftExplicitDependencyGeneratePcm x86_64 /Users/lizhicong/Library/Developer/Xcode/DerivedData/ModuleCache.noindex/DeveloperToolsSupport-96B1LS132ZL4UBMT2JZ5K0J9Z.pcm

SwiftExplicitDependencyGeneratePcm x86_64 /Users/lizhicong/Library/Developer/Xcode/DerivedData/ModuleCache.noindex/_AvailabilityInternal-8KB7WGJFIHDIRYG0RTCNICISV.pcm

SwiftExplicitDependencyGeneratePcm x86_64 /Users/lizhicong/Library/Developer/Xcode/DerivedData/ModuleCache.noindex/_Builtin_stddef-1NM4728CX9021FEQNOYD0A6IO.pcm

SwiftExplicitDependencyGeneratePcm x86_64 /Users/lizhicong/Library/Developer/Xcode/DerivedData/ModuleCache.noindex/_SwiftConcurrencyShims-EQ2HE2OR3NE6M44L9LCHWD626.pcm

SwiftEmitModule normal arm64 Emitting\ module\ for\ jinju (in target 'jinju' from project 'jinju')

EmitSwiftModule normal arm64 (in target 'jinju' from project 'jinju')
    cd /Users/lizhicong/Desktop/白包/jinju
    

SwiftCompile normal arm64 Compiling\ Figure.swift /Users/lizhicong/Desktop/白包/jinju/jinju/Models/Figure.swift (in target 'jinju' from project 'jinju')
SwiftCompile normal arm64 /Users/lizhicong/Desktop/白包/jinju/jinju/Models/Figure.swift (in target 'jinju' from project 'jinju')
    cd /Users/lizhicong/Desktop/白包/jinju
    

SwiftCompile normal arm64 Compiling\ ProfileView.swift /Users/lizhicong/Desktop/白包/jinju/jinju/Views/ProfileView.swift (in target 'jinju' from project 'jinju')

SwiftCompile normal arm64 /Users/lizhicong/Desktop/白包/jinju/jinju/Views/ProfileView.swift (in target 'jinju' from project 'jinju')
    cd /Users/lizhicong/Desktop/白包/jinju
    

SwiftCompile normal arm64 Compiling\ StoreData.swift /Users/lizhicong/Desktop/白包/jinju/jinju/ViewModels/StoreData.swift (in target 'jinju' from project 'jinju')
Failed frontend command:
/Applications/Xcode.app/Contents/Developer/Toolchains/XcodeDefault.xctoolchain/usr/bin/swift-frontend -frontend -c /Users/lizhicong/Desktop/白包/jinju/jinju/Models/Figure.swift -primary-file /Users/lizhicong/Desktop/白包/jinju/jinju/ViewModels/StoreData.swift /Users/lizhicong/Desktop/白包/jinju/jinju/Views/CartView.swift /Users/lizhicong/Desktop/白包/jinju/jinju/Views/DetailView.swift /Users/lizhicong/Desktop/白包/jinju/jinju/Views/HomeView.swift /Users/lizhicong/Desktop/白包/jinju/jinju/Views/MainTabView.swift /Users/lizhicong/Desktop/白包/jinju/jinju/Views/ProfileView.swift /Users/lizhicong/Desktop/白包/jinju/jinju/ContentView.swift /Users/lizhicong/Desktop/白包/jinju/jinju/jinjuApp.swift /Users/lizhicong/Library/Developer/Xcode/DerivedData/jinju-fxudpjeyjydggscioqldofsfffsk/Build/Intermediates.noindex/jinju.build/Debug-iphonesimulator/jinju.build/DerivedSources/GeneratedAssetSymbols.swift -emit-dependencies-path /Users/lizhicong/Library/Developer/Xcode/DerivedData/jinju-fxudpjeyjydggscioqldofsfffsk/Build/Intermediates.noindex/jinju.build/Debug-iphonesimulator/jinju.build/Objects-normal/arm64/StoreData.d -emit-const-values-path /Users/lizhicong/Library/Developer/Xcode/DerivedData/jinju-fxudpjeyjydggscioqldofsfffsk/Build/Intermediates.noindex/jinju.build/Debug-iphonesimulator/jinju.build/Objects-normal/arm64/StoreData.swiftconstvalues -emit-reference-dependencies-path /Users/lizhicong/Library/Developer/Xcode/DerivedData/jinju-fxudpjeyjydggscioqldofsfffsk/Build/Intermediates.noindex/jinju.build/Debug-iphonesimulator/jinju.build/Objects-normal/arm64/StoreData.swiftdeps -serialize-diagnostics-path /Users/lizhicong/Library/Developer/Xcode/DerivedData/jinju-fxudpjeyjydggscioqldofsfffsk/Build/Intermediates.noindex/jinju.build/Debug-iphonesimulator/jinju.build/Objects-normal/arm64/StoreData.dia -emit-localized-strings -emit-localized-strings-path /Users/lizhicong/Library/Developer/Xcode/DerivedData/jinju-fxudpjeyjydggscioqldofsfffsk/Build/Intermediates.noindex/jinju.build/Debug-iphonesimulator/jinju.build/Objects-normal/arm64 -target arm64-apple-ios15.6-simulator -module-can-import-version DeveloperToolsSupport 23.0.4 23.0.4 -module-can-import-version SwiftUI 7.2.5.1 7.2.5 -module-can-import-version UIKit 9126.2.4.1 9126.2.4 -load-resolved-plugin /Applications/Xcode.app/Contents/Developer/Platforms/iPhoneOS.platform/Developer/usr/lib/swift/host/plugins/libFoundationMacros.dylib\#/Applications/Xcode.app/Contents/Developer/Platforms/iPhoneOS.platform/Developer/usr/bin/swift-plugin-server\#FoundationMacros -load-resolved-plugin /Applications/Xcode.app/Contents/Developer/Platforms/iPhoneOS.platform/Developer/usr/lib/swift/host/plugins/libObservationMacros.dylib\#/Applications/Xcode.app/Contents/Developer/Platforms/iPhoneOS.platform/Developer/usr/bin/swift-plugin-server\#ObservationMacros -load-resolved-plugin /Applications/Xcode.app/Contents/Developer/Platforms/iPhoneOS.platform/Developer/usr/lib/swift/host/plugins/libPreviewsMacros.dylib\#/Applications/Xcode.app/Contents/Developer/Platforms/iPhoneOS.platform/Developer/usr/bin/swift-plugin-server\#PreviewsMacros -load-resolved-plugin /Applications/Xcode.app/Contents/Developer/Platforms/iPhoneOS.platform/Developer/usr/lib/swift/host/plugins/libSwiftMacros.dylib\#/Applications/Xcode.app/Contents/Developer/Platforms/iPhoneOS.platform/Developer/usr/bin/swift-plugin-server\#SwiftMacros -load-resolved-plugin /Applications/Xcode.app/Contents/Developer/Platforms/iPhoneOS.platform/Developer/usr/lib/swift/host/plugins/libSwiftUIMacros.dylib\#/Applications/Xcode.app/Contents/Developer/Platforms/iPhoneOS.platform/Developer/usr/bin/swift-plugin-server\#SwiftUIMacros -disable-implicit-swift-modules -Xcc -fno-implicit-modules -Xcc -fno-implicit-module-maps -explicit-swift-module-map-file /Users/lizhicong/Library/Developer/Xcode/DerivedData/jinju-fxudpjeyjydggscioqldofsfffsk/Build/Intermediates.noindex/jinju.build/Debug-iphonesimulator/jinju.build/Objects-normal/arm64/jinju-dependencies-2.json -Xllvm -aarch64-use-tbi -enable-objc-interop -sdk /Applications/Xcode.app/Contents/Developer/Platforms/iPhoneSimulator.platform/Developer/SDKs/iPhoneSimulator26.2.sdk -I /Users/lizhicong/Library/Developer/Xcode/DerivedData/jinju-fxudpjeyjydggscioqldofsfffsk/Build/Products/Debug-iphonesimulator -F /Users/lizhicong/Library/Developer/Xcode/DerivedData/jinju-fxudpjeyjydggscioqldofsfffsk/Build/Products/Debug-iphonesimulator -no-color-diagnostics -Xcc -fno-color-diagnostics -enable-testing -g -debug-info-format\=dwarf -dwarf-version\=4 -module-cache-path /Users/lizhicong/Library/Developer/Xcode/DerivedData/jinju-fxudpjeyjydggscioqldofsfffsk/Build/Intermediates.noindex/SwiftExplicitPrecompiledModules -swift-version 5 -enforce-exclusivity\=checked -Onone -D DEBUG -serialize-debugging-options -const-gather-protocols-file /Users/lizhicong/Library/Developer/Xcode/DerivedData/jinju-fxudpjeyjydggscioqldofsfffsk/Build/Intermediates.noindex/jinju.build/Debug-iphonesimulator/jinju.build/Objects-normal/arm64/jinju_const_extract_protocols.json -enable-upcoming-feature DisableOutwardActorInference -enable-upcoming-feature InferSendableFromCaptures -enable-upcoming-feature GlobalActorIsolatedTypesUsability -enable-upcoming-feature MemberImportVisibility -enable-upcoming-feature InferIsolatedConformances -enable-upcoming-feature NonisolatedNonsendingByDefault -enable-experimental-feature DebugDescriptionMacro -enable-bare-slash-regex -default-isolation\=MainActor -empty-abi-descriptor -validate-clang-modules-once -clang-build-session-file /Users/lizhicong/Library/Developer/Xcode/DerivedData/ModuleCache.noindex/Session.modulevalidation -Xcc -working-directory -Xcc /Users/lizhicong/Desktop/白包/jinju -enable-anonymous-context-mangled-names -file-compilation-dir /Users/lizhicong/Desktop/白包/jinju -Xcc -D_LIBCPP_HARDENING_MODE\=_LIBCPP_HARDENING_MODE_DEBUG -Xcc -ivfsstatcache -Xcc /Users/lizhicong/Library/Developer/Xcode/DerivedData/SDKStatCaches.noindex/iphonesimulator26.2-23C57-7d00a8b37fbd7999ea79df8ebc024bf0.sdkstatcache -Xcc -I/Users/lizhicong/Library/Developer/Xcode/DerivedData/jinju-fxudpjeyjydggscioqldofsfffsk/Build/Intermediates.noindex/jinju.build/Debug-iphonesimulator/jinju.build/swift-overrides.hmap -Xcc -iquote -Xcc /Users/lizhicong/Library/Developer/Xcode/DerivedData/jinju-fxudpjeyjydggscioqldofsfffsk/Build/Intermediates.noindex/jinju.build/Debug-iphonesimulator/jinju.build/jinju-generated-files.hmap -Xcc -I/Users/lizhicong/Library/Developer/Xcode/DerivedData/jinju-fxudpjeyjydggscioqldofsfffsk/Build/Intermediates.noindex/jinju.build/Debug-iphonesimulator/jinju.build/jinju-own-target-headers.hmap -Xcc -I/Users/lizhicong/Library/Developer/Xcode/DerivedData/jinju-fxudpjeyjydggscioqldofsfffsk/Build/Intermediates.noindex/jinju.build/Debug-iphonesimulator/jinju.build/jinju-all-target-headers.hmap -Xcc -iquote -Xcc /Users/lizhicong/Library/Developer/Xcode/DerivedData/jinju-fxudpjeyjydggscioqldofsfffsk/Build/Intermediates.noindex/jinju.build/Debug-iphonesimulator/jinju.build/jinju-project-headers.hmap -Xcc -I/Users/lizhicong/Library/Developer/Xcode/DerivedData/jinju-fxudpjeyjydggscioqldofsfffsk/Build/Products/Debug-iphonesimulator/include -Xcc -I/Users/lizhicong/Library/Developer/Xcode/DerivedData/jinju-fxudpjeyjydggscioqldofsfffsk/Build/Intermediates.noindex/jinju.build/Debug-iphonesimulator/jinju.build/DerivedSources-normal/arm64 -Xcc -I/Users/lizhicong/Library/Developer/Xcode/DerivedData/jinju-fxudpjeyjydggscioqldofsfffsk/Build/Intermediates.noindex/jinju.build/Debug-iphonesimulator/jinju.build/DerivedSources/arm64 -Xcc -I/Users/lizhicong/Library/Developer/Xcode/DerivedData/jinju-fxudpjeyjydggscioqldofsfffsk/Build/Intermediates.noindex/jinju.build/Debug-iphonesimulator/jinju.build/DerivedSources -Xcc -DDEBUG\=1 -no-auto-bridging-header-chaining -module-name jinju -frontend-parseable-output -disable-clang-spi -target-sdk-version 26.2 -target-sdk-name iphonesimulator26.2 -clang-target arm64-apple-ios26.2-simulator -in-process-plugin-server-path /Applications/Xcode.app/Contents/Developer/Toolchains/XcodeDefault.xctoolchain/usr/lib/swift/host/libSwiftInProcPluginServer.dylib -o /Users/lizhicong/Library/Developer/Xcode/DerivedData/jinju-fxudpjeyjydggscioqldofsfffsk/Build/Intermediates.noindex/jinju.build/Debug-iphonesimulator/jinju.build/Objects-normal/arm64/StoreData.o -index-unit-output-path /jinju.build/Debug-iphonesimulator/jinju.build/Objects-normal/arm64/StoreData.o -index-store-path /Users/lizhicong/Library/Developer/Xcode/DerivedData/jinju-fxudpjeyjydggscioqldofsfffsk/Index.noindex/DataStore -index-system-modules

SwiftCompile normal arm64 /Users/lizhicong/Desktop/白包/jinju/jinju/ViewModels/StoreData.swift (in target 'jinju' from project 'jinju')
    cd /Users/lizhicong/Desktop/白包/jinju
    
/Users/lizhicong/Desktop/白包/jinju/jinju/ViewModels/StoreData.swift:4:7: error: type 'StoreData' does not conform to protocol 'ObservableObject'
class StoreData: ObservableObject {
      ^
/Users/lizhicong/Desktop/白包/jinju/jinju/ViewModels/StoreData.swift:4:7: note: add stubs for conformance
class StoreData: ObservableObject {
      ^
Combine.ObservableObject.objectWillChange:2:5: note: protocol requires property 'objectWillChange' with type 'Self.ObjectWillChangePublisher'
var objectWillChange: Self.ObjectWillChangePublisher { get }}
    ^
/Users/lizhicong/Desktop/白包/jinju/jinju/ViewModels/StoreData.swift:5:6: error: initializer 'init(wrappedValue:)' is not available due to missing import of defining module 'Combine'
    @Published var figures: [Figure] = []
     ^
/Users/lizhicong/Desktop/白包/jinju/jinju/ViewModels/StoreData.swift:3:1: note: add import of module 'Combine'

^
/Users/lizhicong/Desktop/白包/jinju/jinju/ViewModels/StoreData.swift:6:6: error: initializer 'init(wrappedValue:)' is not available due to missing import of defining module 'Combine'
    @Published var cart: [Figure] = []
     ^
/Users/lizhicong/Desktop/白包/jinju/jinju/ViewModels/StoreData.swift:3:1: note: add import of module 'Combine'

^
/Users/lizhicong/Desktop/白包/jinju/jinju/ViewModels/StoreData.swift:7:6: error: initializer 'init(wrappedValue:)' is not available due to missing import of defining module 'Combine'
    @Published var orders: [Order] = []
     ^
/Users/lizhicong/Desktop/白包/jinju/jinju/ViewModels/StoreData.swift:3:1: note: add import of module 'Combine'

^
<unknown>:0: error: static subscript 'subscript(_enclosingInstance:wrapped:storage:)' is not available due to missing import of defining module 'Combine'
/Users/lizhicong/Desktop/白包/jinju/jinju/ViewModels/StoreData.swift:3:1: note: add import of module 'Combine'

^
<unknown>:0: error: static subscript 'subscript(_enclosingInstance:wrapped:storage:)' is not available due to missing import of defining module 'Combine'
/Users/lizhicong/Desktop/白包/jinju/jinju/ViewModels/StoreData.swift:3:1: note: add import of module 'Combine'

^
<unknown>:0: error: static subscript 'subscript(_enclosingInstance:wrapped:storage:)' is not available due to missing import of defining module 'Combine'
/Users/lizhicong/Desktop/白包/jinju/jinju/ViewModels/StoreData.swift:3:1: note: add import of module 'Combine'

^
<unknown>:0: error: static subscript 'subscript(_enclosingInstance:wrapped:storage:)' is not available due to missing import of defining module 'Combine'
/Users/lizhicong/Desktop/白包/jinju/jinju/ViewModels/StoreData.swift:3:1: note: add import of module 'Combine'

^
<unknown>:0: error: static subscript 'subscript(_enclosingInstance:wrapped:storage:)' is not available due to missing import of defining module 'Combine'
/Users/lizhicong/Desktop/白包/jinju/jinju/ViewModels/StoreData.swift:3:1: note: add import of module 'Combine'

^
<unknown>:0: error: static subscript 'subscript(_enclosingInstance:wrapped:storage:)' is not available due to missing import of defining module 'Combine'
/Users/lizhicong/Desktop/白包/jinju/jinju/ViewModels/StoreData.swift:3:1: note: add import of module 'Combine'

^
<unknown>:0: error: static subscript 'subscript(_enclosingInstance:wrapped:storage:)' is not available due to missing import of defining module 'Combine'
/Users/lizhicong/Desktop/白包/jinju/jinju/ViewModels/StoreData.swift:3:1: note: add import of module 'Combine'

^
<unknown>:0: error: static subscript 'subscript(_enclosingInstance:wrapped:storage:)' is not available due to missing import of defining module 'Combine'
/Users/lizhicong/Desktop/白包/jinju/jinju/ViewModels/StoreData.swift:3:1: note: add import of module 'Combine'

^
<unknown>:0: error: static subscript 'subscript(_enclosingInstance:wrapped:storage:)' is not available due to missing import of defining module 'Combine'
/Users/lizhicong/Desktop/白包/jinju/jinju/ViewModels/StoreData.swift:3:1: note: add import of module 'Combine'

^
<unknown>:0: error: static subscript 'subscript(_enclosingInstance:wrapped:storage:)' is not available due to missing import of defining module 'Combine'
/Users/lizhicong/Desktop/白包/jinju/jinju/ViewModels/StoreData.swift:3:1: note: add import of module 'Combine'

^
<unknown>:0: error: static subscript 'subscript(_enclosingInstance:wrapped:storage:)' is not available due to missing import of defining module 'Combine'
/Users/lizhicong/Desktop/白包/jinju/jinju/ViewModels/StoreData.swift:3:1: note: add import of module 'Combine'

^
<unknown>:0: error: static subscript 'subscript(_enclosingInstance:wrapped:storage:)' is not available due to missing import of defining module 'Combine'
/Users/lizhicong/Desktop/白包/jinju/jinju/ViewModels/StoreData.swift:3:1: note: add import of module 'Combine'

^
<unknown>:0: error: static subscript 'subscript(_enclosingInstance:wrapped:storage:)' is not available due to missing import of defining module 'Combine'
/Users/lizhicong/Desktop/白包/jinju/jinju/ViewModels/StoreData.swift:3:1: note: add import of module 'Combine'

^
<unknown>:0: error: static subscript 'subscript(_enclosingInstance:wrapped:storage:)' is not available due to missing import of defining module 'Combine'
/Users/lizhicong/Desktop/白包/jinju/jinju/ViewModels/StoreData.swift:3:1: note: add import of module 'Combine'

^
<unknown>:0: error: static subscript 'subscript(_enclosingInstance:wrapped:storage:)' is not available due to missing import of defining module 'Combine'
/Users/lizhicong/Desktop/白包/jinju/jinju/ViewModels/StoreData.swift:3:1: note: add import of module 'Combine'

^
<unknown>:0: error: static subscript 'subscript(_enclosingInstance:wrapped:storage:)' is not available due to missing import of defining module 'Combine'
/Users/lizhicong/Desktop/白包/jinju/jinju/ViewModels/StoreData.swift:3:1: note: add import of module 'Combine'

^
<unknown>:0: error: static subscript 'subscript(_enclosingInstance:wrapped:storage:)' is not available due to missing import of defining module 'Combine'
/Users/lizhicong/Desktop/白包/jinju/jinju/ViewModels/StoreData.swift:3:1: note: add import of module 'Combine'

^
<unknown>:0: error: static subscript 'subscript(_enclosingInstance:wrapped:storage:)' is not available due to missing import of defining module 'Combine'
/Users/lizhicong/Desktop/白包/jinju/jinju/ViewModels/StoreData.swift:3:1: note: add import of module 'Combine'

^

SwiftCompile normal arm64 Compiling\ DetailView.swift /Users/lizhicong/Desktop/白包/jinju/jinju/Views/DetailView.swift (in target 'jinju' from project 'jinju')

SwiftCompile normal arm64 /Users/lizhicong/Desktop/白包/jinju/jinju/Views/DetailView.swift (in target 'jinju' from project 'jinju')
    cd /Users/lizhicong/Desktop/白包/jinju
    

SwiftCompile normal arm64 Compiling\ HomeView.swift /Users/lizhicong/Desktop/白包/jinju/jinju/Views/HomeView.swift (in target 'jinju' from project 'jinju')

SwiftCompile normal arm64 /Users/lizhicong/Desktop/白包/jinju/jinju/Views/HomeView.swift (in target 'jinju' from project 'jinju')
    cd /Users/lizhicong/Desktop/白包/jinju
    

SwiftCompile normal arm64 Compiling\ GeneratedAssetSymbols.swift /Users/lizhicong/Library/Developer/Xcode/DerivedData/jinju-fxudpjeyjydggscioqldofsfffsk/Build/Intermediates.noindex/jinju.build/Debug-iphonesimulator/jinju.build/DerivedSources/GeneratedAssetSymbols.swift (in target 'jinju' from project 'jinju')

SwiftCompile normal arm64 /Users/lizhicong/Library/Developer/Xcode/DerivedData/jinju-fxudpjeyjydggscioqldofsfffsk/Build/Intermediates.noindex/jinju.build/Debug-iphonesimulator/jinju.build/DerivedSources/GeneratedAssetSymbols.swift (in target 'jinju' from project 'jinju')
    cd /Users/lizhicong/Desktop/白包/jinju
    

SwiftCompile normal arm64 Compiling\ CartView.swift /Users/lizhicong/Desktop/白包/jinju/jinju/Views/CartView.swift (in target 'jinju' from project 'jinju')

SwiftCompile normal arm64 /Users/lizhicong/Desktop/白包/jinju/jinju/Views/CartView.swift (in target 'jinju' from project 'jinju')
    cd /Users/lizhicong/Desktop/白包/jinju
    

SwiftCompile normal arm64 Compiling\ ContentView.swift /Users/lizhicong/Desktop/白包/jinju/jinju/ContentView.swift (in target 'jinju' from project 'jinju')

SwiftCompile normal arm64 /Users/lizhicong/Desktop/白包/jinju/jinju/ContentView.swift (in target 'jinju' from project 'jinju')
    cd /Users/lizhicong/Desktop/白包/jinju
    

SwiftExplicitDependencyGeneratePcm x86_64 /Users/lizhicong/Library/Developer/Xcode/DerivedData/ModuleCache.noindex/_DarwinFoundation1-A6V7M88L2QS25LKT6UO27S5AK.pcm

SwiftCompile normal arm64 Compiling\ jinjuApp.swift /Users/lizhicong/Desktop/白包/jinju/jinju/jinjuApp.swift (in target 'jinju' from project 'jinju')

SwiftCompile normal arm64 /Users/lizhicong/Desktop/白包/jinju/jinju/jinjuApp.swift (in target 'jinju' from project 'jinju')
    cd /Users/lizhicong/Desktop/白包/jinju
    

SwiftExplicitDependencyGeneratePcm x86_64 /Users/lizhicong/Library/Developer/Xcode/DerivedData/ModuleCache.noindex/_DarwinFoundation2-47QQRKZ3BVNAWD4QU1HUUTM9Z.pcm

